# JRE version: OpenJDK Runtime Environment (8.0_152-b02) (build 1.8.0_152-release-1024-b02)
# Java VM: OpenJDK 64-Bit Server VM (25.152-b02 mixed mode windows-amd64 compressed oops)
Heap:
 PSYoungGen      total 130048K, used 96331K [0x00000000e0000000, 0x00000000e8f00000, 0x0000000100000000)
  eden space 115712K, 71% used [0x00000000e0000000,0x00000000e515b830,0x00000000e7100000)
  from space 14336K, 90% used [0x00000000e8000000,0x00000000e8cb7478,0x00000000e8e00000)
  to   space 15360K, 0% used [0x00000000e7100000,0x00000000e7100000,0x00000000e8000000)
 ParOldGen       total 96768K, used 18238K [0x00000000a0000000, 0x00000000a5e80000, 0x00000000e0000000)
  object space 96768K, 18% used [0x00000000a0000000,0x00000000a11cf880,0x00000000a5e80000)
 Metaspace       used 56041K, capacity 57659K, committed 57816K, reserved 1099776K
  class space    used 7639K, capacity 8087K, committed 8192K, reserved 1048576K
GC Heap History (10 events):
Event: 31.494 GC heap before
{Heap before GC invocations=10 (full 1):
 PSYoungGen      total 82432K, used 40893K [0x00000000e0000000, 0x00000000e6880000, 0x0000000100000000)
  eden space 72192K, 42% used [0x00000000e0000000,0x00000000e1e194c0,0x00000000e4680000)
  from space 10240K, 98% used [0x00000000e5200000,0x00000000e5bd6188,0x00000000e5c00000)
  to   space 11776K, 0% used [0x00000000e4680000,0x00000000e4680000,0x00000000e5200000)
 ParOldGen       total 61440K, used 8455K [0x00000000a0000000, 0x00000000a3c00000, 0x00000000e0000000)
  object space 61440K, 13% used [0x00000000a0000000,0x00000000a0841f20,0x00000000a3c00000)
 Metaspace       used 34533K, capacity 35341K, committed 35416K, reserved 1079296K
  class space    used 4754K, capacity 4992K, committed 4992K, reserved 1048576K
Event: 31.541 GC heap after
Heap after GC invocations=10 (full 1):
 PSYoungGen      total 83968K, used 11659K [0x00000000e0000000, 0x00000000e7380000, 0x0000000100000000)
  eden space 72192K, 0% used [0x00000000e0000000,0x00000000e0000000,0x00000000e4680000)
  from space 11776K, 99% used [0x00000000e4680000,0x00000000e51e2fb0,0x00000000e5200000)
  to   space 13312K, 0% used [0x00000000e6680000,0x00000000e6680000,0x00000000e7380000)
 ParOldGen       total 61440K, used 8463K [0x00000000a0000000, 0x00000000a3c00000, 0x00000000e0000000)
  object space 61440K, 13% used [0x00000000a0000000,0x00000000a0843f20,0x00000000a3c00000)
 Metaspace       used 34533K, capacity 35341K, committed 35416K, reserved 1079296K
  class space    used 4754K, capacity 4992K, committed 4992K, reserved 1048576K
}
Event: 31.541 GC heap before
{Heap before GC invocations=11 (full 2):
 PSYoungGen      total 83968K, used 11659K [0x00000000e0000000, 0x00000000e7380000, 0x0000000100000000)
  eden space 72192K, 0% used [0x00000000e0000000,0x00000000e0000000,0x00000000e4680000)
  from space 11776K, 99% used [0x00000000e4680000,0x00000000e51e2fb0,0x00000000e5200000)
  to   space 13312K, 0% used [0x00000000e6680000,0x00000000e6680000,0x00000000e7380000)
 ParOldGen       total 61440K, used 8463K [0x00000000a0000000, 0x00000000a3c00000, 0x00000000e0000000)
  object space 61440K, 13% used [0x00000000a0000000,0x00000000a0843f20,0x00000000a3c00000)
 Metaspace       used 34533K, capacity 35341K, committed 35416K, reserved 1079296K
  class space    used 4754K, capacity 4992K, committed 4992K, reserved 1048576K
Event: 31.823 GC heap after
Heap after GC invocations=11 (full 2):
 PSYoungGen      total 83968K, used 0K [0x00000000e0000000, 0x00000000e7380000, 0x0000000100000000)
  eden space 72192K, 0% used [0x00000000e0000000,0x00000000e0000000,0x00000000e4680000)
  from space 11776K, 0% used [0x00000000e4680000,0x00000000e4680000,0x00000000e5200000)
  to   space 13312K, 0% used [0x00000000e6680000,0x00000000e6680000,0x00000000e7380000)
 ParOldGen       total 96768K, used 18150K [0x00000000a0000000, 0x00000000a5e80000, 0x00000000e0000000)
  object space 96768K, 18% used [0x00000000a0000000,0x00000000a11b9870,0x00000000a5e80000)
 Metaspace       used 34510K, capacity 35253K, committed 35416K, reserved 1079296K
  class space    used 4747K, capacity 4984K, committed 4992K, reserved 1048576K
}
Event: 34.909 GC heap before
{Heap before GC invocations=12 (full 2):
 PSYoungGen      total 83968K, used 72192K [0x00000000e0000000, 0x00000000e7380000, 0x0000000100000000)
  eden space 72192K, 100% used [0x00000000e0000000,0x00000000e4680000,0x00000000e4680000)
  from space 11776K, 0% used [0x00000000e4680000,0x00000000e4680000,0x00000000e5200000)
  to   space 13312K, 0% used [0x00000000e6680000,0x00000000e6680000,0x00000000e7380000)
 ParOldGen       total 96768K, used 18150K [0x00000000a0000000, 0x00000000a5e80000, 0x00000000e0000000)
  object space 96768K, 18% used [0x00000000a0000000,0x00000000a11b9870,0x00000000a5e80000)
 Metaspace       used 41397K, capacity 42199K, committed 42456K, reserved 1085440K
  class space    used 5585K, capacity 5853K, committed 5888K, reserved 1048576K
Event: 34.936 GC heap after
Heap after GC invocations=12 (full 2):
 PSYoungGen      total 104960K, used 7613K [0x00000000e0000000, 0x00000000e7300000, 0x0000000100000000)
  eden space 92160K, 0% used [0x00000000e0000000,0x00000000e0000000,0x00000000e5a00000)
  from space 12800K, 59% used [0x00000000e6680000,0x00000000e6def6a0,0x00000000e7300000)
  to   space 12800K, 0% used [0x00000000e5a00000,0x00000000e5a00000,0x00000000e6680000)
 ParOldGen       total 96768K, used 18158K [0x00000000a0000000, 0x00000000a5e80000, 0x00000000e0000000)
  object space 96768K, 18% used [0x00000000a0000000,0x00000000a11bb870,0x00000000a5e80000)
 Metaspace       used 41397K, capacity 42199K, committed 42456K, reserved 1085440K
  class space    used 5585K, capacity 5853K, committed 5888K, reserved 1048576K
}
Event: 39.387 GC heap before
{Heap before GC invocations=13 (full 2):
 PSYoungGen      total 104960K, used 99773K [0x00000000e0000000, 0x00000000e7300000, 0x0000000100000000)
  eden space 92160K, 100% used [0x00000000e0000000,0x00000000e5a00000,0x00000000e5a00000)
  from space 12800K, 59% used [0x00000000e6680000,0x00000000e6def6a0,0x00000000e7300000)
  to   space 12800K, 0% used [0x00000000e5a00000,0x00000000e5a00000,0x00000000e6680000)
 ParOldGen       total 96768K, used 18158K [0x00000000a0000000, 0x00000000a5e80000, 0x00000000e0000000)
  object space 96768K, 18% used [0x00000000a0000000,0x00000000a11bb870,0x00000000a5e80000)
 Metaspace       used 46503K, capacity 47541K, committed 47704K, reserved 1089536K
  class space    used 6331K, capacity 6659K, committed 6784K, reserved 1048576K
Event: 39.439 GC heap after
Heap after GC invocations=13 (full 2):
 PSYoungGen      total 104960K, used 12758K [0x00000000e0000000, 0x00000000e8e00000, 0x0000000100000000)
  eden space 92160K, 0% used [0x00000000e0000000,0x00000000e0000000,0x00000000e5a00000)
  from space 12800K, 99% used [0x00000000e5a00000,0x00000000e6675bb8,0x00000000e6680000)
  to   space 14336K, 0% used [0x00000000e8000000,0x00000000e8000000,0x00000000e8e00000)
 ParOldGen       total 96768K, used 18166K [0x00000000a0000000, 0x00000000a5e80000, 0x00000000e0000000)
  object space 96768K, 18% used [0x00000000a0000000,0x00000000a11bd870,0x00000000a5e80000)
 Metaspace       used 46503K, capacity 47541K, committed 47704K, reserved 1089536K
  class space    used 6331K, capacity 6659K, committed 6784K, reserved 1048576K
}
Event: 42.421 GC heap before
{Heap before GC invocations=14 (full 2):
 PSYoungGen      total 104960K, used 104918K [0x00000000e0000000, 0x00000000e8e00000, 0x0000000100000000)
  eden space 92160K, 100% used [0x00000000e0000000,0x00000000e5a00000,0x00000000e5a00000)
  from space 12800K, 99% used [0x00000000e5a00000,0x00000000e6675bb8,0x00000000e6680000)
  to   space 14336K, 0% used [0x00000000e8000000,0x00000000e8000000,0x00000000e8e00000)
 ParOldGen       total 96768K, used 18166K [0x00000000a0000000, 0x00000000a5e80000, 0x00000000e0000000)
  object space 96768K, 18% used [0x00000000a0000000,0x00000000a11bd870,0x00000000a5e80000)
 Metaspace       used 50521K, capacity 51675K, committed 51928K, reserved 1093632K
  class space    used 6766K, capacity 7116K, committed 7168K, reserved 1048576K
Event: 42.448 GC heap after
Heap after GC invocations=14 (full 2):
 PSYoungGen      total 130048K, used 13021K [0x00000000e0000000, 0x00000000e8f00000, 0x0000000100000000)
  eden space 115712K, 0% used [0x00000000e0000000,0x00000000e0000000,0x00000000e7100000)
  from space 14336K, 90% used [0x00000000e8000000,0x00000000e8cb7478,0x00000000e8e00000)
  to   space 15360K, 0% used [0x00000000e7100000,0x00000000e7100000,0x00000000e8000000)
 ParOldGen       total 96768K, used 18238K [0x00000000a0000000, 0x00000000a5e80000, 0x00000000e0000000)
  object space 96768K, 18% used [0x00000000a0000000,0x00000000a11cf880,0x00000000a5e80000)
 Metaspace       used 50521K, capacity 51675K, committed 51928K, reserved 1093632K
  class space    used 6766K, capacity 7116K, committed 7168K, reserved 1048576K
}

